#
# There is insufficient memory for the Java Runtime Environment to continue.
# Native memory allocation (malloc) failed to allocate 134576 bytes for Chunk::new
# Possible reasons:
#   The system is out of physical RAM or swap space
#   In 32 bit mode, the process size limit was hit
# Possible solutions:
#   Reduce memory load on the system
#   Increase physical memory or swap space
#   Check if swap backing store is full
#   Use 64 bit Java on a 64 bit OS
#   Decrease Java heap size (-Xmx/-Xms)
#   Decrease number of Java threads
#   Decrease Java thread stack sizes (-Xss)
#   Set larger code cache with -XX:ReservedCodeCacheSize=
# This output file may be truncated or incomplete.
#
#  Out of Memory Error (allocation.cpp:323), pid=4868, tid=8736
#
# JRE version: Java(TM) SE Runtime Environment (7.0_79-b15) (build 1.7.0_79-b15)
# Java VM: Java HotSpot(TM) 64-Bit Server VM (24.79-b02 mixed mode windows-amd64 compressed oops)
# Failed to write core dump. Minidumps are not enabled by default on client versions of Windows
#

---------------  T H R E A D  ---------------

Current thread (0x0000000008b9e800):  JavaThread "C2 CompilerThread0" daemon [_thread_in_native, id=8736, stack(0x000000000a120000,0x000000000a220000)]

Stack: [0x000000000a120000,0x000000000a220000]

Current CompileTask:
C2:  23901  703             com.android.dx.dex.code.RopTranslator$LocalVariableAwareTranslationVisitor::visitPlainCstInsn (11 bytes)


---------------  P R O C E S S  ---------------

Java Threads: ( => current thread )
  0x000000000a693000 JavaThread "pool-1-thread-4" [_thread_in_Java, id=896, stack(0x000000000ad20000,0x000000000ae20000)]
  0x000000000a80f000 JavaThread "pool-1-thread-3" [_thread_in_Java, id=8952, stack(0x000000000ac20000,0x000000000ad20000)]
  0x000000000a75b000 JavaThread "pool-1-thread-2" [_thread_in_Java, id=5764, stack(0x000000000ab20000,0x000000000ac20000)]
  0x000000000a75a800 JavaThread "pool-2-thread-1" [_thread_blocked, id=9000, stack(0x000000000aa20000,0x000000000ab20000)]
  0x000000000a769800 JavaThread "pool-1-thread-1" [_thread_in_Java, id=5868, stack(0x000000000a920000,0x000000000aa20000)]
  0x0000000008bb0000 JavaThread "Service Thread" daemon [_thread_blocked, id=4016, stack(0x000000000a320000,0x000000000a420000)]
  0x0000000008ba0800 JavaThread "C2 CompilerThread1" daemon [_thread_in_native, id=6808, stack(0x000000000a220000,0x000000000a320000)]
=>0x0000000008b9e800 JavaThread "C2 CompilerThread0" daemon [_thread_in_native, id=8736, stack(0x000000000a120000,0x000000000a220000)]
  0x0000000008b81800 JavaThread "Attach Listener" daemon [_thread_blocked, id=8768, stack(0x000000000a020000,0x000000000a120000)]
  0x0000000008b80800 JavaThread "Signal Dispatcher" daemon [_thread_blocked, id=6616, stack(0x0000000009f20000,0x000000000a020000)]
  0x0000000008b4a000 JavaThread "Finalizer" daemon [_thread_blocked, id=6052, stack(0x0000000009e20000,0x0000000009f20000)]
  0x0000000008b46800 JavaThread "Reference Handler" daemon [_thread_blocked, id=704, stack(0x0000000009d20000,0x0000000009e20000)]
  0x00000000025ee000 JavaThread "main" [_thread_in_Java, id=8076, stack(0x00000000029f0000,0x0000000002af0000)]

Other Threads:
  0x0000000008b42000 VMThread [stack: 0x0000000009c20000,0x0000000009d20000] [id=11716]
  0x0000000008bb9800 WatcherThread [stack: 0x000000000a420000,0x000000000a520000] [id=1744]

VM state:not at safepoint (normal execution)

VM Mutex/Monitor currently owned by a thread: None

Heap
 PSYoungGen      total 196608K, used 150366K [0x00000000eaa80000, 0x00000000fce00000, 0x0000000100000000)
  eden space 136192K, 83% used [0x00000000eaa80000,0x00000000f19a2e40,0x00000000f2f80000)
  from space 60416K, 60% used [0x00000000f2f80000,0x00000000f5334bb8,0x00000000f6a80000)
  to   space 66560K, 0% used [0x00000000f8d00000,0x00000000f8d00000,0x00000000fce00000)
 ParOldGen       total 151552K, used 151137K [0x00000000c0000000, 0x00000000c9400000, 0x00000000eaa80000)
  object space 151552K, 99% used [0x00000000c0000000,0x00000000c9398518,0x00000000c9400000)
 PSPermGen       total 21504K, used 6080K [0x00000000bae00000, 0x00000000bc300000, 0x00000000c0000000)
  object space 21504K, 28% used [0x00000000bae00000,0x00000000bb3f0068,0x00000000bc300000)

Card table byte_map: [0x0000000005db0000,0x0000000005fe0000] byte_map_base: 0x00000000057d9000

Polling page: 0x0000000000d90000

Code Cache  [0x0000000002cf0000, 0x0000000002fc0000, 0x0000000005cf0000)
 total_blobs=918 nmethods=680 adapters=191 free_code_cache=46655Kb largest_free_block=47434368

Compilation events (10 events):
Event: 23.670 Thread 0x0000000008ba0800 nmethod 698 0x0000000002e091d0 code [0x0000000002e09320, 0x0000000002e093c8]
Event: 23.676 Thread 0x0000000008b9e800 nmethod 696 0x0000000002e0e7d0 code [0x0000000002e0e9c0, 0x0000000002e0f790]
Event: 23.727 Thread 0x0000000008ba0800  699             com.android.dx.cf.code.OneLocalsArray::makeInitialized (55 bytes)
Event: 23.732 Thread 0x0000000008ba0800 nmethod 699 0x0000000002e0e290 code [0x0000000002e0e3e0, 0x0000000002e0e658]
Event: 23.786 Thread 0x0000000008b9e800  700             com.android.dx.ssa.back.InterferenceGraph::<init> (42 bytes)
Event: 23.804 Thread 0x0000000008b9e800 nmethod 700 0x0000000002e09a90 code [0x0000000002e09c60, 0x0000000002e0a570]
Event: 23.830 Thread 0x0000000008ba0800  701             com.android.dx.ssa.SsaConverter::placePhiFunctions (394 bytes)
Event: 23.874 Thread 0x0000000008b9e800  702             com.android.dx.dex.code.RopTranslator$1::visitPlainCstInsn (64 bytes)
Event: 23.876 Thread 0x0000000008b9e800 nmethod 702 0x0000000002e09650 code [0x0000000002e097a0, 0x0000000002e098d8]
Event: 23.881 Thread 0x0000000008b9e800  703             com.android.dx.dex.code.RopTranslator$LocalVariableAwareTranslationVisitor::visitPlainCstInsn (11 bytes)

GC Heap History (10 events):
Event: 13.743 GC heap before
{Heap before GC invocations=10 (full 1):
 PSYoungGen      total 137216K, used 124830K [0x00000000eaa80000, 0x00000000f5b80000, 0x0000000100000000)
  eden space 120832K, 100% used [0x00000000eaa80000,0x00000000f2080000,0x00000000f2080000)
  from space 16384K, 24% used [0x00000000f3980000,0x00000000f3d67a70,0x00000000f4980000)
  to   space 25600K, 0% used [0x00000000f2080000,0x00000000f2080000,0x00000000f3980000)
 ParOldGen       total 80384K, used 42478K [0x00000000c0000000, 0x00000000c4e80000, 0x00000000eaa80000)
  object space 80384K, 52% used [0x00000000c0000000,0x00000000c297bb90,0x00000000c4e80000)
 PSPermGen       total 21504K, used 6052K [0x00000000bae00000, 0x00000000bc300000, 0x00000000c0000000)
  object space 21504K, 28% used [0x00000000bae00000,0x00000000bb3e93c0,0x00000000bc300000)
Event: 13.963 GC heap after
Heap after GC invocations=10 (full 1):
 PSYoungGen      total 146432K, used 25568K [0x00000000eaa80000, 0x00000000f9400000, 0x0000000100000000)
  eden space 120832K, 0% used [0x00000000eaa80000,0x00000000eaa80000,0x00000000f2080000)
  from space 25600K, 99% used [0x00000000f2080000,0x00000000f3978278,0x00000000f3980000)
  to   space 42496K, 0% used [0x00000000f6a80000,0x00000000f6a80000,0x00000000f9400000)
 ParOldGen       total 80384K, used 73177K [0x00000000c0000000, 0x00000000c4e80000, 0x00000000eaa80000)
  object space 80384K, 91% used [0x00000000c0000000,0x00000000c47767c0,0x00000000c4e80000)
 PSPermGen       total 21504K, used 6052K [0x00000000bae00000, 0x00000000bc300000, 0x00000000c0000000)
  object space 21504K, 28% used [0x00000000bae00000,0x00000000bb3e93c0,0x00000000bc300000)
}
Event: 13.963 GC heap before
{Heap before GC invocations=11 (full 2):
 PSYoungGen      total 146432K, used 25568K [0x00000000eaa80000, 0x00000000f9400000, 0x0000000100000000)
  eden space 120832K, 0% used [0x00000000eaa80000,0x00000000eaa80000,0x00000000f2080000)
  from space 25600K, 99% used [0x00000000f2080000,0x00000000f3978278,0x00000000f3980000)
  to   space 42496K, 0% used [0x00000000f6a80000,0x00000000f6a80000,0x00000000f9400000)
 ParOldGen       total 80384K, used 73177K [0x00000000c0000000, 0x00000000c4e80000, 0x00000000eaa80000)
  object space 80384K, 91% used [0x00000000c0000000,0x00000000c47767c0,0x00000000c4e80000)
 PSPermGen       total 21504K, used 6052K [0x00000000bae00000, 0x00000000bc300000, 0x00000000c0000000)
  object space 21504K, 28% used [0x00000000bae00000,0x00000000bb3e93c0,0x00000000bc300000)
Event: 16.576 GC heap after
Heap after GC invocations=11 (full 2):
 PSYoungGen      total 146432K, used 14768K [0x00000000eaa80000, 0x00000000f9400000, 0x0000000100000000)
  eden space 120832K, 0% used [0x00000000eaa80000,0x00000000eaa80000,0x00000000f2080000)
  from space 25600K, 57% used [0x00000000f2080000,0x00000000f2eec168,0x00000000f3980000)
  to   space 42496K, 0% used [0x00000000f6a80000,0x00000000f6a80000,0x00000000f9400000)
 ParOldGen       total 148992K, used 80124K [0x00000000c0000000, 0x00000000c9180000, 0x00000000eaa80000)
  object space 148992K, 53% used [0x00000000c0000000,0x00000000c4e3f1b0,0x00000000c9180000)
 PSPermGen       total 21504K, used 6052K [0x00000000bae00000, 0x00000000bc300000, 0x00000000c0000000)
  object space 21504K, 28% used [0x00000000bae00000,0x00000000bb3e92c0,0x00000000bc300000)
}
Event: 17.579 GC heap before
{Heap before GC invocations=12 (full 2):
 PSYoungGen      total 146432K, used 135600K [0x00000000eaa80000, 0x00000000f9400000, 0x0000000100000000)
  eden space 120832K, 100% used [0x00000000eaa80000,0x00000000f2080000,0x00000000f2080000)
  from space 25600K, 57% used [0x00000000f2080000,0x00000000f2eec168,0x00000000f3980000)
  to   space 42496K, 0% used [0x00000000f6a80000,0x00000000f6a80000,0x00000000f9400000)
 ParOldGen       total 148992K, used 80124K [0x00000000c0000000, 0x00000000c9180000, 0x00000000eaa80000)
  object space 148992K, 53% used [0x00000000c0000000,0x00000000c4e3f1b0,0x00000000c9180000)
 PSPermGen       total 21504K, used 6066K [0x00000000bae00000, 0x00000000bc300000, 0x00000000c0000000)
  object space 21504K, 28% used [0x00000000bae00000,0x00000000bb3ecac8,0x00000000bc300000)
Event: 18.068 GC heap after
Heap after GC invocations=12 (full 2):
 PSYoungGen      total 178688K, used 42495K [0x00000000eaa80000, 0x00000000fa700000, 0x0000000100000000)
  eden space 136192K, 0% used [0x00000000eaa80000,0x00000000eaa80000,0x00000000f2f80000)
  from space 42496K, 99% used [0x00000000f6a80000,0x00000000f93ffc48,0x00000000f9400000)
  to   space 60416K, 0% used [0x00000000f2f80000,0x00000000f2f80000,0x00000000f6a80000)
 ParOldGen       total 148992K, used 108370K [0x00000000c0000000, 0x00000000c9180000, 0x00000000eaa80000)
  object space 148992K, 72% used [0x00000000c0000000,0x00000000c69d4b78,0x00000000c9180000)
 PSPermGen       total 21504K, used 6066K [0x00000000bae00000, 0x00000000bc300000, 0x00000000c0000000)
  object space 21504K, 28% used [0x00000000bae00000,0x00000000bb3ecac8,0x00000000bc300000)
}
Event: 19.259 GC heap before
{Heap before GC invocations=13 (full 2):
 PSYoungGen      total 178688K, used 178687K [0x00000000eaa80000, 0x00000000fa700000, 0x0000000100000000)
  eden space 136192K, 100% used [0x00000000eaa80000,0x00000000f2f80000,0x00000000f2f80000)
  from space 42496K, 99% used [0x00000000f6a80000,0x00000000f93ffc48,0x00000000f9400000)
  to   space 60416K, 0% used [0x00000000f2f80000,0x00000000f2f80000,0x00000000f6a80000)
 ParOldGen       total 148992K, used 108370K [0x00000000c0000000, 0x00000000c9180000, 0x00000000eaa80000)
  object space 148992K, 72% used [0x00000000c0000000,0x00000000c69d4b78,0x00000000c9180000)
 PSPermGen       total 21504K, used 6073K [0x00000000bae00000, 0x00000000bc300000, 0x00000000c0000000)
  object space 21504K, 28% used [0x00000000bae00000,0x00000000bb3ee408,0x00000000bc300000)
Event: 19.945 GC heap after
Heap after GC invocations=13 (full 2):
 PSYoungGen      total 196608K, used 47252K [0x00000000eaa80000, 0x00000000fce00000, 0x0000000100000000)
  eden space 136192K, 0% used [0x00000000eaa80000,0x00000000eaa80000,0x00000000f2f80000)
  from space 60416K, 78% used [0x00000000f2f80000,0x00000000f5da52d8,0x00000000f6a80000)
  to   space 66560K, 0% used [0x00000000f8d00000,0x00000000f8d00000,0x00000000fce00000)
 ParOldGen       total 151552K, used 151403K [0x00000000c0000000, 0x00000000c9400000, 0x00000000eaa80000)
  object space 151552K, 99% used [0x00000000c0000000,0x00000000c93dad08,0x00000000c9400000)
 PSPermGen       total 21504K, used 6073K [0x00000000bae00000, 0x00000000bc300000, 0x00000000c0000000)
  object space 21504K, 28% used [0x00000000bae00000,0x00000000bb3ee408,0x00000000bc300000)
}
Event: 19.945 GC heap before
{Heap before GC invocations=14 (full 3):
 PSYoungGen      total 196608K, used 47252K [0x00000000eaa80000, 0x00000000fce00000, 0x0000000100000000)
  eden space 136192K, 0% used [0x00000000eaa80000,0x00000000eaa80000,0x00000000f2f80000)
  from space 60416K, 78% used [0x00000000f2f80000,0x00000000f5da52d8,0x00000000f6a80000)
  to   space 66560K, 0% used [0x00000000f8d00000,0x00000000f8d00000,0x00000000fce00000)
 ParOldGen       total 151552K, used 151403K [0x00000000c0000000, 0x00000000c9400000, 0x00000000eaa80000)
  object space 151552K, 99% used [0x00000000c0000000,0x00000000c93dad08,0x00000000c9400000)
 PSPermGen       total 21504K, used 6073K [0x00000000bae00000, 0x00000000bc300000, 0x00000000c0000000)
  object space 21504K, 28% used [0x00000000bae00000,0x00000000bb3ee408,0x00000000bc300000)
Event: 23.590 GC heap after
Heap after GC invocations=14 (full 3):
 PSYoungGen      total 196608K, used 36562K [0x00000000eaa80000, 0x00000000fce00000, 0x0000000100000000)
  eden space 136192K, 0% used [0x00000000eaa80000,0x00000000eaa80000,0x00000000f2f80000)
  from space 60416K, 60% used [0x00000000f2f80000,0x00000000f5334bb8,0x00000000f6a80000)
  to   space 66560K, 0% used [0x00000000f8d00000,0x00000000f8d00000,0x00000000fce00000)
 ParOldGen       total 151552K, used 151137K [0x00000000c0000000, 0x00000000c9400000, 0x00000000eaa80000)
  object space 151552K, 99% used [0x00000000c0000000,0x00000000c9398518,0x00000000c9400000)
 PSPermGen       total 21504K, used 6072K [0x00000000bae00000, 0x00000000bc300000, 0x00000000c0000000)
  object space 21504K, 28% used [0x00000000bae00000,0x00000000bb3ee3a8,0x00000000bc300000)
}

Deoptimization events (10 events):
Event: 18.336 Thread 0x000000000a769800 Uncommon trap: reason=class_check action=maybe_recompile pc=0x0000000002e4965c method=com.android.dx.ssa.back.InterferenceGraph.add(II)V @ 19
Event: 18.336 Thread 0x000000000a769800 Uncommon trap: reason=class_check action=maybe_recompile pc=0x0000000002e4965c method=com.android.dx.ssa.back.InterferenceGraph.add(II)V @ 19
Event: 18.374 Thread 0x000000000a80f000 Uncommon trap: reason=class_check action=maybe_recompile pc=0x0000000002db0f88 method=com.android.dx.ssa.SsaConverter.placePhiFunctions(Lcom/android/dx/ssa/SsaMethod;Lcom/android/dx/ssa/LocalVariableInfo;I)V @ 257
Event: 18.709 Thread 0x000000000a693000 Uncommon trap: reason=class_check action=maybe_recompile pc=0x0000000002db0f88 method=com.android.dx.ssa.SsaConverter.placePhiFunctions(Lcom/android/dx/ssa/SsaMethod;Lcom/android/dx/ssa/LocalVariableInfo;I)V @ 257
Event: 23.624 Thread 0x000000000a769800 Uncommon trap: reason=class_check action=maybe_recompile pc=0x0000000002eb4050 method=com.android.dx.ssa.back.InterferenceGraph.mergeInterferenceSet(ILcom/android/dx/util/IntSet;)V @ 20
Event: 23.625 Thread 0x000000000a769800 Uncommon trap: reason=class_check action=maybe_recompile pc=0x0000000002eb4050 method=com.android.dx.ssa.back.InterferenceGraph.mergeInterferenceSet(ILcom/android/dx/util/IntSet;)V @ 20
Event: 23.625 Thread 0x000000000a769800 Uncommon trap: reason=class_check action=maybe_recompile pc=0x0000000002eb4050 method=com.android.dx.ssa.back.InterferenceGraph.mergeInterferenceSet(ILcom/android/dx/util/IntSet;)V @ 20
Event: 23.633 Thread 0x000000000a769800 Uncommon trap: reason=class_check action=maybe_recompile pc=0x0000000002eb4050 method=com.android.dx.ssa.back.InterferenceGraph.mergeInterferenceSet(ILcom/android/dx/util/IntSet;)V @ 20
Event: 23.763 Thread 0x000000000a80f000 Uncommon trap: reason=predicate action=maybe_recompile pc=0x0000000002e77350 method=com.android.dx.ssa.back.InterferenceGraph.<init>(I)V @ 23
Event: 23.830 Thread 0x000000000a75b000 Uncommon trap: reason=class_check action=maybe_recompile pc=0x0000000002db0f88 method=com.android.dx.ssa.SsaConverter.placePhiFunctions(Lcom/android/dx/ssa/SsaMethod;Lcom/android/dx/ssa/LocalVariableInfo;I)V @ 257

Internal exceptions (10 events):
Event: 3.997 Thread 0x000000000a693000 Implicit null exception at 0x0000000002db9799 to 0x0000000002dba415
Event: 5.030 Thread 0x00000000025ee000 Implicit null exception at 0x0000000002dd97eb to 0x0000000002dd9ecd
Event: 6.068 Thread 0x000000000a75b000 Threw 0x00000000eae35e88 at C:\re\jdk7u79\2331\hotspot\src\share\vm\prims\jvm.cpp:1304
Event: 7.143 Thread 0x000000000a75b000 Threw 0x00000000ec633060 at C:\re\jdk7u79\2331\hotspot\src\share\vm\prims\jvm.cpp:1304
Event: 7.523 Thread 0x000000000a693000 Threw 0x00000000eae9cbe0 at C:\re\jdk7u79\2331\hotspot\src\share\vm\prims\jvm.cpp:1304
Event: 7.593 Thread 0x000000000a769800 Implicit null exception at 0x0000000002e5392d to 0x0000000002e54564
Event: 8.079 Thread 0x000000000a769800 Implicit null exception at 0x0000000002ee5ed8 to 0x0000000002ee992d
Event: 8.896 Thread 0x00000000025ee000 Implicit null exception at 0x0000000002f1c130 to 0x0000000002f1e2a1
Event: 16.793 Thread 0x000000000a769800 Threw 0x00000000ec185b98 at C:\re\jdk7u79\2331\hotspot\src\share\vm\prims\jvm.cpp:1304
Event: 16.811 Thread 0x000000000a769800 Threw 0x00000000ec41df30 at C:\re\jdk7u79\2331\hotspot\src\share\vm\prims\jvm.cpp:1304

Events (10 events):
Event: 23.633 Thread 0x000000000a769800 DEOPT UNPACKING pc=0x0000000002d29064 sp=0x000000000aa1e900 mode 2
Event: 23.641 Thread 0x0000000008ba0800 flushing nmethod 0x0000000002ee3410
Event: 23.641 Thread 0x0000000008ba0800 flushing nmethod 0x0000000002ef6f10
Event: 23.667 Thread 0x0000000008ba0800 flushing nmethod 0x0000000002f1b450
Event: 23.763 Thread 0x000000000a80f000 Uncommon trap: trap_request=0xffffff86 fr.pc=0x0000000002e77350
Event: 23.763 Thread 0x000000000a80f000 DEOPT PACKING pc=0x0000000002e77350 sp=0x000000000ad1edc0
Event: 23.763 Thread 0x000000000a80f000 DEOPT UNPACKING pc=0x0000000002d29064 sp=0x000000000ad1ed88 mode 2
Event: 23.830 Thread 0x000000000a75b000 Uncommon trap: trap_request=0xffffffde fr.pc=0x0000000002db0f88
Event: 23.830 Thread 0x000000000a75b000 DEOPT PACKING pc=0x0000000002db0f88 sp=0x000000000ac1ed00
Event: 23.830 Thread 0x000000000a75b000 DEOPT UNPACKING pc=0x0000000002d29064 sp=0x000000000ac1ecc0 mode 2


Dynamic libraries:
0x00007ff667f00000 - 0x00007ff667f33000 	C:\Program Files\Java\jdk1.7.0_79\bin\java.exe
0x00007ffbb5d40000 - 0x00007ffbb5f01000 	C:\windows\SYSTEM32\ntdll.dll
0x00007ffbb3df0000 - 0x00007ffbb3e9d000 	C:\windows\system32\KERNEL32.DLL
0x00007ffbb2630000 - 0x00007ffbb2818000 	C:\windows\system32\KERNELBASE.dll
0x00007ffbb3140000 - 0x00007ffbb31e7000 	C:\windows\system32\ADVAPI32.dll
0x00007ffbb4610000 - 0x00007ffbb46ad000 	C:\windows\system32\msvcrt.dll
0x00007ffbb3b00000 - 0x00007ffbb3b5b000 	C:\windows\system32\sechost.dll
0x00007ffbb3310000 - 0x00007ffbb342c000 	C:\windows\system32\RPCRT4.dll
0x00007ffbb3430000 - 0x00007ffbb3586000 	C:\windows\system32\USER32.dll
0x00007ffbb3970000 - 0x00007ffbb3af6000 	C:\windows\system32\GDI32.dll
0x00007ffb9eb90000 - 0x00007ffb9ee04000 	C:\windows\WinSxS\amd64_microsoft.windows.common-controls_6595b64144ccf1df_6.0.10586.494_none_a2d8b04ea53e3145\COMCTL32.dll
0x00007ffbb3b60000 - 0x00007ffbb3ddd000 	C:\windows\system32\combase.dll
0x00007ffbb2450000 - 0x00007ffbb24ba000 	C:\windows\system32\bcryptPrimitives.dll
0x00007ffbb3200000 - 0x00007ffbb323b000 	C:\windows\system32\IMM32.DLL
0x000000005c150000 - 0x000000005c222000 	C:\Program Files\Java\jdk1.7.0_79\jre\bin\msvcr100.dll
0x000000005c230000 - 0x000000005ca05000 	C:\Program Files\Java\jdk1.7.0_79\jre\bin\server\jvm.dll
0x00007ffbb3de0000 - 0x00007ffbb3de8000 	C:\windows\system32\PSAPI.DLL
0x00007ffbaed70000 - 0x00007ffbaed79000 	C:\windows\SYSTEM32\WSOCK32.dll
0x00007ffbb3740000 - 0x00007ffbb37ab000 	C:\windows\system32\WS2_32.dll
0x00007ffbb0560000 - 0x00007ffbb0583000 	C:\windows\SYSTEM32\WINMM.dll
0x00007ffbb0500000 - 0x00007ffbb052c000 	C:\windows\SYSTEM32\WINMMBASE.dll
0x00007ffbb30f0000 - 0x00007ffbb3133000 	C:\windows\system32\cfgmgr32.dll
0x000000005c140000 - 0x000000005c14f000 	C:\Program Files\Java\jdk1.7.0_79\jre\bin\verify.dll
0x000000005c110000 - 0x000000005c138000 	C:\Program Files\Java\jdk1.7.0_79\jre\bin\java.dll
0x000000005c0f0000 - 0x000000005c105000 	C:\Program Files\Java\jdk1.7.0_79\jre\bin\zip.dll
0x000000005c0d0000 - 0x000000005c0ea000 	C:\Program Files\Java\jdk1.7.0_79\jre\bin\net.dll
0x00007ffbb1c30000 - 0x00007ffbb1c8c000 	C:\windows\system32\mswsock.dll
0x000000005c0b0000 - 0x000000005c0c1000 	C:\Program Files\Java\jdk1.7.0_79\jre\bin\nio.dll

VM Arguments:
jvm_args: -Djava.awt.headless=true -Xmx1024M -Dfile.encoding=x-windows-949 -Duser.country=KR -Duser.language=ko -Duser.variant 
java_command: com.android.dx.command.Main --dex --num-threads=4 --output C:\android\workspace\EyeForYou\app\build\intermediates\pre-dexed\debug\com.google.android.gms-play-services-ads-8.1.0_02117eb0591e012cfe6836e4661e83789bbbdc1c.jar C:\android\workspace\EyeForYou\app\build\intermediates\exploded-aar\com.google.android.gms\play-services-ads\8.1.0\jars\classes.jar
Launcher Type: SUN_STANDARD

Environment Variables:
JAVA_HOME=C:\Program Files\Java\jdk1.7.0_79
CLASSPATH=.;C:\Program Files\Java\jdk1.7.0_79\bin;
PATH=C:\oraclexe\app\oracle\product\11.2.0\server\bin;C:\Program Files (x86)\Intel\iCLS Client\;C:\Program Files\Intel\iCLS Client\;C:\windows\system32;C:\windows;C:\windows\System32\Wbem;C:\windows\System32\WindowsPowerShell\v1.0\;C:\Program Files\Intel\WiFi\bin\;C:\Program Files\Common Files\Intel\WirelessCommon\;C:\Program Files (x86)\Intel\Intel(R) Management Engine Components\DAL;C:\Program Files\Intel\Intel(R) Management Engine Components\DAL;C:\Program Files (x86)\Intel\Intel(R) Management Engine Components\IPT;C:\Program Files\Intel\Intel(R) Management Engine Components\IPT;;C:\Program Files\Java\jdk1.7.0_79\bin;C:\windows\system32\config\systemprofile\.dnx\bin;C:\Program Files\Microsoft DNX\Dnvm\;C:\Program Files (x86)\Windows Kits\8.1\Windows Performance Toolkit\;C:\Program Files\Microsoft SQL Server\120\Tools\Binn\;C:\openCV\opencv\build\x86\vc12\bin;C:\Program Files (x86)\Microsoft Visual Studio 14.0\VC\bin;C:\Program Files (x86)\Microsoft Visual Studio 14.0\Common7\IDE;C:\Program Files\Git\cmd;C:\Program Files (x86)\GtkSharp\2.12\bin
USERNAME=¹ÚÈ¿Á¤
OS=Windows_NT
PROCESSOR_IDENTIFIER=Intel64 Family 6 Model 78 Stepping 3, GenuineIntel



---------------  S Y S T E M  ---------------

OS: Windows 8.1 , 64 bit Build 9600 

CPU:total 4 (2 cores per cpu, 2 threads per core) family 6 model 78 stepping 3, cmov, cx8, fxsr, mmx, sse, sse2, sse3, ssse3, sse4.1, sse4.2, popcnt, aes, erms, ht, tsc, tscinvbit

Memory: 4k page, physical 4110180k(408864k free), swap 6021760k(5264k free)

vm_info: Java HotSpot(TM) 64-Bit Server VM (24.79-b02) for windows-amd64 JRE (1.7.0_79-b15), built on Apr 10 2015 12:36:16 by "java_re" with unknown MS VC++:1600

time: Tue Sep 06 17:45:42 2016
elapsed time: 23 seconds

