#
# There is insufficient memory for the Java Runtime Environment to continue.
# Native memory allocation (malloc) failed to allocate 1048576 bytes for AllocateHeap
# Possible reasons:
#   The system is out of physical RAM or swap space
#   In 32 bit mode, the process size limit was hit
# Possible solutions:
#   Reduce memory load on the system
#   Increase physical memory or swap space
#   Check if swap backing store is full
#   Use 64 bit Java on a 64 bit OS
#   Decrease Java heap size (-Xmx/-Xms)
#   Decrease number of Java threads
#   Decrease Java thread stack sizes (-Xss)
#   Set larger code cache with -XX:ReservedCodeCacheSize=
# This output file may be truncated or incomplete.
#
#  Out of Memory Error (memory/allocation.inline.hpp:61), pid=12700, tid=7012
#
# JRE version:  (7.0_79-b15) (build )
# Java VM: Java HotSpot(TM) 64-Bit Server VM (24.79-b02 mixed mode windows-amd64 compressed oops)
# Failed to write core dump. Minidumps are not enabled by default on client versions of Windows
#

---------------  T H R E A D  ---------------

Current thread (0x000000000262e000):  JavaThread "Unknown thread" [_thread_in_vm, id=7012, stack(0x0000000002630000,0x0000000002730000)]

Stack: [0x0000000002630000,0x0000000002730000]

---------------  P R O C E S S  ---------------

Java Threads: ( => current thread )

Other Threads:

=>0x000000000262e000 (exited) JavaThread "Unknown thread" [_thread_in_vm, id=7012, stack(0x0000000002630000,0x0000000002730000)]

VM state:not at safepoint (normal execution)

VM Mutex/Monitor currently owned by a thread: None

Heap
 PSYoungGen      total 18944K, used 327K [0x00000000eaa80000, 0x00000000ebf80000, 0x0000000100000000)
  eden space 16384K, 2% used [0x00000000eaa80000,0x00000000eaad1f10,0x00000000eba80000)
  from space 2560K, 0% used [0x00000000ebd00000,0x00000000ebd00000,0x00000000ebf80000)
  to   space 2560K, 0% used [0x00000000eba80000,0x00000000eba80000,0x00000000ebd00000)
 ParOldGen       total 42496K, used 0K [0x00000000c0000000, 0x00000000c2980000, 0x00000000eaa80000)
  object space 42496K, 0% used [0x00000000c0000000,0x00000000c0000000,0x00000000c2980000)
 PSPermGen       total 21504K, used 697K [0x00000000bae00000, 0x00000000bc300000, 0x00000000c0000000)
  object space 21504K, 3% used [0x00000000bae00000,0x00000000baeae588,0x00000000bc300000)

Card table byte_map: [0x0000000005830000,0x0000000005a60000] byte_map_base: 0x0000000005259000

Polling page: 0x0000000000540000

Code Cache  [0x0000000002830000, 0x0000000002aa0000, 0x0000000005830000)
 total_blobs=37 nmethods=0 adapters=20 free_code_cache=48890Kb largest_free_block=50063104

Compilation events (0 events):
No events

GC Heap History (0 events):
No events

Deoptimization events (0 events):
No events

Internal exceptions (0 events):
No events

Events (10 events):
Event: 0.041 loading class 0x0000000002776de0
Event: 0.041 loading class 0x0000000002776de0 done
Event: 0.041 loading class 0x0000000002776e30
Event: 0.041 loading class 0x0000000002776e30 done
Event: 0.041 loading class 0x0000000002776e80
Event: 0.042 loading class 0x0000000002776e80 done
Event: 0.042 loading class 0x0000000002777c00
Event: 0.042 loading class 0x0000000002777c00 done
Event: 0.042 loading class 0x0000000002777820
Event: 0.042 loading class 0x0000000002777820 done


Dynamic libraries:
0x00007ff77e440000 - 0x00007ff77e473000 	C:\Program Files\Java\jdk1.7.0_79\bin\java.exe
0x00007ffbb5d40000 - 0x00007ffbb5f01000 	C:\windows\SYSTEM32\ntdll.dll
0x00007ffbb3df0000 - 0x00007ffbb3e9d000 	C:\windows\system32\KERNEL32.DLL
0x00007ffbb2630000 - 0x00007ffbb2818000 	C:\windows\system32\KERNELBASE.dll
0x00007ffbb3140000 - 0x00007ffbb31e7000 	C:\windows\system32\ADVAPI32.dll
0x00007ffbb4610000 - 0x00007ffbb46ad000 	C:\windows\system32\msvcrt.dll
0x00007ffbb3b00000 - 0x00007ffbb3b5b000 	C:\windows\system32\sechost.dll
0x00007ffbb3310000 - 0x00007ffbb342c000 	C:\windows\system32\RPCRT4.dll
0x00007ffbb3430000 - 0x00007ffbb3586000 	C:\windows\system32\USER32.dll
0x00007ffbb3970000 - 0x00007ffbb3af6000 	C:\windows\system32\GDI32.dll
0x00007ffb9eb90000 - 0x00007ffb9ee04000 	C:\windows\WinSxS\amd64_microsoft.windows.common-controls_6595b64144ccf1df_6.0.10586.494_none_a2d8b04ea53e3145\COMCTL32.dll
0x00007ffbb3b60000 - 0x00007ffbb3ddd000 	C:\windows\system32\combase.dll
0x00007ffbb2450000 - 0x00007ffbb24ba000 	C:\windows\system32\bcryptPrimitives.dll
0x00007ffbb3200000 - 0x00007ffbb323b000 	C:\windows\system32\IMM32.DLL
0x000000005c150000 - 0x000000005c222000 	C:\Program Files\Java\jdk1.7.0_79\jre\bin\msvcr100.dll
0x000000005c230000 - 0x000000005ca05000 	C:\Program Files\Java\jdk1.7.0_79\jre\bin\server\jvm.dll
0x00007ffbb3de0000 - 0x00007ffbb3de8000 	C:\windows\system32\PSAPI.DLL
0x00007ffbb0560000 - 0x00007ffbb0583000 	C:\windows\SYSTEM32\WINMM.dll
0x00007ffbaed70000 - 0x00007ffbaed79000 	C:\windows\SYSTEM32\WSOCK32.dll
0x00007ffbb3740000 - 0x00007ffbb37ab000 	C:\windows\system32\WS2_32.dll
0x0000000002510000 - 0x000000000253c000 	C:\windows\SYSTEM32\WINMMBASE.dll
0x00007ffbb30f0000 - 0x00007ffbb3133000 	C:\windows\system32\cfgmgr32.dll
0x000000005c140000 - 0x000000005c14f000 	C:\Program Files\Java\jdk1.7.0_79\jre\bin\verify.dll
0x000000005c110000 - 0x000000005c138000 	C:\Program Files\Java\jdk1.7.0_79\jre\bin\java.dll
0x000000005c0f0000 - 0x000000005c105000 	C:\Program Files\Java\jdk1.7.0_79\jre\bin\zip.dll

VM Arguments:
jvm_args: -Djava.awt.headless=true -Xmx1024M -Dfile.encoding=x-windows-949 -Duser.country=KR -Duser.language=ko -Duser.variant 
java_command: com.android.dx.command.Main --dex --num-threads=4 --output C:\android\workspace\EyeForYou\app\build\intermediates\pre-dexed\debug\com.google.android.gms-play-services-wallet-8.1.0_8bc38edd54affe046c28a3e1fb6ab81fbf0d3f11.jar C:\android\workspace\EyeForYou\app\build\intermediates\exploded-aar\com.google.android.gms\play-services-wallet\8.1.0\jars\classes.jar
Launcher Type: SUN_STANDARD

Environment Variables:
JAVA_HOME=C:\Program Files\Java\jdk1.7.0_79
CLASSPATH=.;C:\Program Files\Java\jdk1.7.0_79\bin;
PATH=C:\oraclexe\app\oracle\product\11.2.0\server\bin;C:\Program Files (x86)\Intel\iCLS Client\;C:\Program Files\Intel\iCLS Client\;C:\windows\system32;C:\windows;C:\windows\System32\Wbem;C:\windows\System32\WindowsPowerShell\v1.0\;C:\Program Files\Intel\WiFi\bin\;C:\Program Files\Common Files\Intel\WirelessCommon\;C:\Program Files (x86)\Intel\Intel(R) Management Engine Components\DAL;C:\Program Files\Intel\Intel(R) Management Engine Components\DAL;C:\Program Files (x86)\Intel\Intel(R) Management Engine Components\IPT;C:\Program Files\Intel\Intel(R) Management Engine Components\IPT;;C:\Program Files\Java\jdk1.7.0_79\bin;C:\windows\system32\config\systemprofile\.dnx\bin;C:\Program Files\Microsoft DNX\Dnvm\;C:\Program Files (x86)\Windows Kits\8.1\Windows Performance Toolkit\;C:\Program Files\Microsoft SQL Server\120\Tools\Binn\;C:\openCV\opencv\build\x86\vc12\bin;C:\Program Files (x86)\Microsoft Visual Studio 14.0\VC\bin;C:\Program Files (x86)\Microsoft Visual Studio 14.0\Common7\IDE;C:\Program Files\Git\cmd;C:\Program Files (x86)\GtkSharp\2.12\bin
USERNAME=¹ÚÈ¿Á¤
OS=Windows_NT
PROCESSOR_IDENTIFIER=Intel64 Family 6 Model 78 Stepping 3, GenuineIntel



---------------  S Y S T E M  ---------------

OS: Windows 8.1 , 64 bit Build 9600 

CPU:total 4 (2 cores per cpu, 2 threads per core) family 6 model 78 stepping 3, cmov, cx8, fxsr, mmx, sse, sse2, sse3, ssse3, sse4.1, sse4.2, popcnt, aes, erms, ht, tsc, tscinvbit

Memory: 4k page, physical 4110180k(612152k free), swap 5770596k(5928k free)

vm_info: Java HotSpot(TM) 64-Bit Server VM (24.79-b02) for windows-amd64 JRE (1.7.0_79-b15), built on Apr 10 2015 12:36:16 by "java_re" with unknown MS VC++:1600

time: Thu Sep 08 18:36:34 2016
elapsed time: 0 seconds

