#
# There is insufficient memory for the Java Runtime Environment to continue.
# Native memory allocation (malloc) failed to allocate 151376 bytes for Chunk::new
# Possible reasons:
#   The system is out of physical RAM or swap space
#   In 32 bit mode, the process size limit was hit
# Possible solutions:
#   Reduce memory load on the system
#   Increase physical memory or swap space
#   Check if swap backing store is full
#   Use 64 bit Java on a 64 bit OS
#   Decrease Java heap size (-Xmx/-Xms)
#   Decrease number of Java threads
#   Decrease Java thread stack sizes (-Xss)
#   Set larger code cache with -XX:ReservedCodeCacheSize=
# This output file may be truncated or incomplete.
#
#  Out of Memory Error (allocation.cpp:323), pid=7552, tid=10540
#
# JRE version: Java(TM) SE Runtime Environment (7.0_79-b15) (build 1.7.0_79-b15)
# Java VM: Java HotSpot(TM) 64-Bit Server VM (24.79-b02 mixed mode windows-amd64 compressed oops)
# Failed to write core dump. Minidumps are not enabled by default on client versions of Windows
#

---------------  T H R E A D  ---------------

Current thread (0x000000000883e800):  JavaThread "C2 CompilerThread0" daemon [_thread_in_native, id=10540, stack(0x0000000009db0000,0x0000000009eb0000)]

Stack: [0x0000000009db0000,0x0000000009eb0000]

Current CompileTask:
C2:    972   12             java.util.regex.Pattern::compile (406 bytes)


---------------  P R O C E S S  ---------------

Java Threads: ( => current thread )
  0x0000000008853000 JavaThread "Service Thread" daemon [_thread_blocked, id=7180, stack(0x0000000009fb0000,0x000000000a0b0000)]
  0x0000000008840800 JavaThread "C2 CompilerThread1" daemon [_thread_in_native, id=6860, stack(0x0000000009eb0000,0x0000000009fb0000)]
=>0x000000000883e800 JavaThread "C2 CompilerThread0" daemon [_thread_in_native, id=10540, stack(0x0000000009db0000,0x0000000009eb0000)]
  0x000000000883d800 JavaThread "Attach Listener" daemon [_thread_blocked, id=4784, stack(0x0000000009cb0000,0x0000000009db0000)]
  0x000000000883b000 JavaThread "Signal Dispatcher" daemon [_thread_blocked, id=8452, stack(0x0000000009bb0000,0x0000000009cb0000)]
  0x00000000087ea000 JavaThread "Finalizer" daemon [_thread_blocked, id=2700, stack(0x0000000009ab0000,0x0000000009bb0000)]
  0x00000000087e6800 JavaThread "Reference Handler" daemon [_thread_blocked, id=10376, stack(0x00000000099b0000,0x0000000009ab0000)]
  0x0000000000b7e000 JavaThread "main" [_thread_in_Java, id=6256, stack(0x0000000002690000,0x0000000002790000)]

Other Threads:
  0x00000000087e2000 VMThread [stack: 0x00000000098b0000,0x00000000099b0000] [id=7452]
  0x000000000885d000 WatcherThread [stack: 0x000000000a0b0000,0x000000000a1b0000] [id=8564]

VM state:not at safepoint (normal execution)

VM Mutex/Monitor currently owned by a thread:  ([mutex/lock_event])
[0x0000000000b7c9a0] SystemDictionary_lock - owner thread: 0x0000000000000000

Heap
 PSYoungGen      total 18944K, used 2966K [0x00000000eaa80000, 0x00000000ebf80000, 0x0000000100000000)
  eden space 16384K, 18% used [0x00000000eaa80000,0x00000000ead658f0,0x00000000eba80000)
  from space 2560K, 0% used [0x00000000ebd00000,0x00000000ebd00000,0x00000000ebf80000)
  to   space 2560K, 0% used [0x00000000eba80000,0x00000000eba80000,0x00000000ebd00000)
 ParOldGen       total 42496K, used 0K [0x00000000c0000000, 0x00000000c2980000, 0x00000000eaa80000)
  object space 42496K, 0% used [0x00000000c0000000,0x00000000c0000000,0x00000000c2980000)
 PSPermGen       total 21504K, used 3336K [0x00000000bae00000, 0x00000000bc300000, 0x00000000c0000000)
  object space 21504K, 15% used [0x00000000bae00000,0x00000000bb142200,0x00000000bc300000)

Card table byte_map: [0x0000000005a50000,0x0000000005c80000] byte_map_base: 0x0000000005479000

Polling page: 0x0000000000b10000

Code Cache  [0x0000000002990000, 0x0000000002c00000, 0x0000000005990000)
 total_blobs=210 nmethods=18 adapters=146 free_code_cache=48743Kb largest_free_block=49891776

Compilation events (10 events):
Event: 0.936 Thread 0x0000000008840800 nmethod 6 0x00000000029f1250 code [0x00000000029f13a0, 0x00000000029f17d8]
Event: 0.943 Thread 0x0000000008840800    9             java.util.regex.Matcher::search (109 bytes)
Event: 0.948 Thread 0x000000000883e800 nmethod 8 0x00000000029f0690 code [0x00000000029f0800, 0x00000000029f0ed8]
Event: 0.949 Thread 0x000000000883e800   10             java.lang.String::compareTo (78 bytes)
Event: 0.952 Thread 0x0000000008840800 nmethod 9 0x00000000029f46d0 code [0x00000000029f4840, 0x00000000029f4d58]
Event: 0.954 Thread 0x0000000008840800   11             java.lang.String::length (6 bytes)
Event: 0.954 Thread 0x000000000883e800 nmethod 10 0x00000000029f42d0 code [0x00000000029f4420, 0x00000000029f45b8]
Event: 0.955 Thread 0x0000000008840800 nmethod 11 0x00000000029f54d0 code [0x00000000029f5600, 0x00000000029f5658]
Event: 0.958 Thread 0x000000000883e800   12             java.util.regex.Pattern::compile (406 bytes)
Event: 0.958 Thread 0x0000000008840800   13             java.util.regex.Pattern::newSlice (181 bytes)

GC Heap History (0 events):
No events

Deoptimization events (0 events):
No events

Internal exceptions (10 events):
Event: 0.821 Thread 0x0000000000b7e000 Threw 0x00000000eabdcda0 at C:\re\jdk7u79\2331\hotspot\src\share\vm\prims\jvm.cpp:1304
Event: 0.822 Thread 0x0000000000b7e000 Threw 0x00000000eabdee08 at C:\re\jdk7u79\2331\hotspot\src\share\vm\prims\jvm.cpp:1304
Event: 0.823 Thread 0x0000000000b7e000 Threw 0x00000000eabe3898 at C:\re\jdk7u79\2331\hotspot\src\share\vm\prims\jvm.cpp:1304
Event: 0.823 Thread 0x0000000000b7e000 Threw 0x00000000eabe7be0 at C:\re\jdk7u79\2331\hotspot\src\share\vm\prims\jvm.cpp:1304
Event: 0.824 Thread 0x0000000000b7e000 Threw 0x00000000eabec500 at C:\re\jdk7u79\2331\hotspot\src\share\vm\prims\jvm.cpp:1304
Event: 0.825 Thread 0x0000000000b7e000 Threw 0x00000000eabf09a0 at C:\re\jdk7u79\2331\hotspot\src\share\vm\prims\jvm.cpp:1304
Event: 0.838 Thread 0x0000000000b7e000 Threw 0x00000000eabf7fa8 at C:\re\jdk7u79\2331\hotspot\src\share\vm\prims\jvm.cpp:1304
Event: 0.839 Thread 0x0000000000b7e000 Threw 0x00000000eabfd650 at C:\re\jdk7u79\2331\hotspot\src\share\vm\prims\jvm.cpp:1304
Event: 0.840 Thread 0x0000000000b7e000 Threw 0x00000000eabff698 at C:\re\jdk7u79\2331\hotspot\src\share\vm\prims\jvm.cpp:1304
Event: 0.845 Thread 0x0000000000b7e000 Threw 0x00000000eac0dcc8 at C:\re\jdk7u79\2331\hotspot\src\share\vm\prims\jvm.cpp:1304

Events (10 events):
Event: 0.850 loading class 0x000000000a21d0a0 done
Event: 0.850 loading class 0x000000000a21d010 done
Event: 0.850 loading class 0x000000000a21c910
Event: 0.851 loading class 0x000000000a21c910 done
Event: 0.851 loading class 0x000000000a21d0d0
Event: 0.851 loading class 0x000000000a21d0d0 done
Event: 0.851 loading class 0x00000000028dd270
Event: 0.852 loading class 0x000000000a21ee20
Event: 0.852 loading class 0x000000000a21ee20 done
Event: 0.852 loading class 0x00000000028dd270 done


Dynamic libraries:
0x00007ff667f00000 - 0x00007ff667f33000 	C:\Program Files\Java\jdk1.7.0_79\bin\java.exe
0x00007ffbb5d40000 - 0x00007ffbb5f01000 	C:\windows\SYSTEM32\ntdll.dll
0x00007ffbb3df0000 - 0x00007ffbb3e9d000 	C:\windows\system32\KERNEL32.DLL
0x00007ffbb2630000 - 0x00007ffbb2818000 	C:\windows\system32\KERNELBASE.dll
0x00007ffbb3140000 - 0x00007ffbb31e7000 	C:\windows\system32\ADVAPI32.dll
0x00007ffbb4610000 - 0x00007ffbb46ad000 	C:\windows\system32\msvcrt.dll
0x00007ffbb3b00000 - 0x00007ffbb3b5b000 	C:\windows\system32\sechost.dll
0x00007ffbb3310000 - 0x00007ffbb342c000 	C:\windows\system32\RPCRT4.dll
0x00007ffbb3430000 - 0x00007ffbb3586000 	C:\windows\system32\USER32.dll
0x00007ffbb3970000 - 0x00007ffbb3af6000 	C:\windows\system32\GDI32.dll
0x00007ffb9eb90000 - 0x00007ffb9ee04000 	C:\windows\WinSxS\amd64_microsoft.windows.common-controls_6595b64144ccf1df_6.0.10586.494_none_a2d8b04ea53e3145\COMCTL32.dll
0x00007ffbb3b60000 - 0x00007ffbb3ddd000 	C:\windows\system32\combase.dll
0x00007ffbb2450000 - 0x00007ffbb24ba000 	C:\windows\system32\bcryptPrimitives.dll
0x00007ffbb3200000 - 0x00007ffbb323b000 	C:\windows\system32\IMM32.DLL
0x000000005c150000 - 0x000000005c222000 	C:\Program Files\Java\jdk1.7.0_79\jre\bin\msvcr100.dll
0x000000005c230000 - 0x000000005ca05000 	C:\Program Files\Java\jdk1.7.0_79\jre\bin\server\jvm.dll
0x00007ffbb3de0000 - 0x00007ffbb3de8000 	C:\windows\system32\PSAPI.DLL
0x00007ffbaed70000 - 0x00007ffbaed79000 	C:\windows\SYSTEM32\WSOCK32.dll
0x00007ffbb3740000 - 0x00007ffbb37ab000 	C:\windows\system32\WS2_32.dll
0x00007ffbb0560000 - 0x00007ffbb0583000 	C:\windows\SYSTEM32\WINMM.dll
0x00007ffbb0500000 - 0x00007ffbb052c000 	C:\windows\SYSTEM32\WINMMBASE.dll
0x00007ffbb30f0000 - 0x00007ffbb3133000 	C:\windows\system32\cfgmgr32.dll
0x000000005c140000 - 0x000000005c14f000 	C:\Program Files\Java\jdk1.7.0_79\jre\bin\verify.dll
0x000000005c110000 - 0x000000005c138000 	C:\Program Files\Java\jdk1.7.0_79\jre\bin\java.dll
0x000000005c0f0000 - 0x000000005c105000 	C:\Program Files\Java\jdk1.7.0_79\jre\bin\zip.dll

VM Arguments:
jvm_args: -Djava.awt.headless=true -Xmx1024M -Dfile.encoding=x-windows-949 -Duser.country=KR -Duser.language=ko -Duser.variant 
java_command: com.android.dx.command.Main --dex --num-threads=4 --output C:\android\workspace\EyeForYou\app\build\intermediates\pre-dexed\debug\com.google.android.gms-play-services-vision-8.1.0_f197736661297fa1f593f6fc0d8741084443ab39.jar C:\android\workspace\EyeForYou\app\build\intermediates\exploded-aar\com.google.android.gms\play-services-vision\8.1.0\jars\classes.jar
Launcher Type: SUN_STANDARD

Environment Variables:
JAVA_HOME=C:\Program Files\Java\jdk1.7.0_79
CLASSPATH=.;C:\Program Files\Java\jdk1.7.0_79\bin;
PATH=C:\oraclexe\app\oracle\product\11.2.0\server\bin;C:\Program Files (x86)\Intel\iCLS Client\;C:\Program Files\Intel\iCLS Client\;C:\windows\system32;C:\windows;C:\windows\System32\Wbem;C:\windows\System32\WindowsPowerShell\v1.0\;C:\Program Files\Intel\WiFi\bin\;C:\Program Files\Common Files\Intel\WirelessCommon\;C:\Program Files (x86)\Intel\Intel(R) Management Engine Components\DAL;C:\Program Files\Intel\Intel(R) Management Engine Components\DAL;C:\Program Files (x86)\Intel\Intel(R) Management Engine Components\IPT;C:\Program Files\Intel\Intel(R) Management Engine Components\IPT;;C:\Program Files\Java\jdk1.7.0_79\bin;C:\windows\system32\config\systemprofile\.dnx\bin;C:\Program Files\Microsoft DNX\Dnvm\;C:\Program Files (x86)\Windows Kits\8.1\Windows Performance Toolkit\;C:\Program Files\Microsoft SQL Server\120\Tools\Binn\;C:\openCV\opencv\build\x86\vc12\bin;C:\Program Files (x86)\Microsoft Visual Studio 14.0\VC\bin;C:\Program Files (x86)\Microsoft Visual Studio 14.0\Common7\IDE;C:\Program Files\Git\cmd;C:\Program Files (x86)\GtkSharp\2.12\bin
USERNAME=¹ÚÈ¿Á¤
OS=Windows_NT
PROCESSOR_IDENTIFIER=Intel64 Family 6 Model 78 Stepping 3, GenuineIntel



---------------  S Y S T E M  ---------------

OS: Windows 8.1 , 64 bit Build 9600 

CPU:total 4 (2 cores per cpu, 2 threads per core) family 6 model 78 stepping 3, cmov, cx8, fxsr, mmx, sse, sse2, sse3, ssse3, sse4.1, sse4.2, popcnt, aes, erms, ht, tsc, tscinvbit

Memory: 4k page, physical 4110180k(544160k free), swap 6021760k(2276k free)

vm_info: Java HotSpot(TM) 64-Bit Server VM (24.79-b02) for windows-amd64 JRE (1.7.0_79-b15), built on Apr 10 2015 12:36:16 by "java_re" with unknown MS VC++:1600

time: Tue Sep 06 17:48:42 2016
elapsed time: 0 seconds

